<?xml version="1.0" encoding="UTF-8"?>
<!-- Generated by org.testng.reporters.JUnitXMLReporter -->
<testsuite ignored="0" hostname="0316nabrd84" failures="0" tests="4" name="Default test" time="0.516" errors="0" timestamp="17 Jun 2022 20:44:55 GMT">
  <testcase classname="testcases.LoginDB" name="validateLogin" time="0.007"/>
  <testcase classname="testcases.LoginDB" name="validateLogin" time="0.001"/>
  <testcase classname="testcases.LoginDB" name="validateLogin" time="0.001"/>
  <testcase classname="testcases.LoginDB" name="validateLogin" time="0.003"/>
</testsuite> <!-- Default test -->
