<?xml version="1.0" encoding="UTF-8"?>
<testng-results ignored="0" total="4" passed="4" failed="0" skipped="0">
  <reporter-output>
  </reporter-output>
  <suite started-at="2022-06-17T20:44:54Z" name="Default suite" finished-at="2022-06-17T20:44:55Z" duration-ms="516">
    <groups>
    </groups>
    <test started-at="2022-06-17T20:44:54Z" name="Default test" finished-at="2022-06-17T20:44:55Z" duration-ms="516">
      <class name="testcases.LoginDB">
        <test-method signature="validateLogin(java.lang.String, java.lang.String)[pri:0, instance:testcases.LoginDB@7c6908d7]" started-at="2022-06-17T16:44:55Z" name="validateLogin" data-provider="DP" finished-at="2022-06-17T16:44:55Z" duration-ms="7" status="PASS">
          <params>
            <param index="0">
              <value>
                <![CDATA[ashniu4@gmail.com]]>
              </value>
            </param>
            <param index="1">
              <value>
                <![CDATA[ash1233]]>
              </value>
            </param>
          </params>
          <reporter-output>
          </reporter-output>
        </test-method> <!-- validateLogin -->
        <test-method signature="validateLogin(java.lang.String, java.lang.String)[pri:0, instance:testcases.LoginDB@7c6908d7]" started-at="2022-06-17T16:44:55Z" name="validateLogin" data-provider="DP" finished-at="2022-06-17T16:44:55Z" duration-ms="1" status="PASS">
          <params>
            <param index="0">
              <value>
                <![CDATA[JOE@YAHOO.COM]]>
              </value>
            </param>
            <param index="1">
              <value>
                <![CDATA[JOE@SDFGH]]>
              </value>
            </param>
          </params>
          <reporter-output>
          </reporter-output>
        </test-method> <!-- validateLogin -->
        <test-method signature="validateLogin(java.lang.String, java.lang.String)[pri:0, instance:testcases.LoginDB@7c6908d7]" started-at="2022-06-17T16:44:55Z" name="validateLogin" data-provider="DP" finished-at="2022-06-17T16:44:55Z" duration-ms="1" status="PASS">
          <params>
            <param index="0">
              <value>
                <![CDATA[samy12@gmail.co]]>
              </value>
            </param>
            <param index="1">
              <value>
                <![CDATA[dfr567]]>
              </value>
            </param>
          </params>
          <reporter-output>
          </reporter-output>
        </test-method> <!-- validateLogin -->
        <test-method signature="validateLogin(java.lang.String, java.lang.String)[pri:0, instance:testcases.LoginDB@7c6908d7]" started-at="2022-06-17T16:44:55Z" name="validateLogin" data-provider="DP" finished-at="2022-06-17T16:44:55Z" duration-ms="3" status="PASS">
          <params>
            <param index="0">
              <value>
                <![CDATA[sonu@yahoo.com]]>
              </value>
            </param>
            <param index="1">
              <value>
                <![CDATA[Jombone@1234]]>
              </value>
            </param>
          </params>
          <reporter-output>
          </reporter-output>
        </test-method> <!-- validateLogin -->
      </class> <!-- testcases.LoginDB -->
    </test> <!-- Default test -->
  </suite> <!-- Default suite -->
</testng-results>
